<?xml version="1.0" encoding="UTF-8"?>
<testsuites>
  <testsuite name="before_all_hook0" timestamp="2018-08-23T18:38:32" time="35.527" tests="0" failures="0" errors="0" skipped="0">
    <properties>
      <property name="specId" value="63fba6faa4a85af6d90b613214aa9406"/>
      <property name="suiteName" value="&quot;before all&quot; hook0"/>
      <property name="capabilities" value="chrome"/>
    </properties>
  </testsuite>
  <testsuite name="smoke_screenshot_test_save2" timestamp="2018-08-23T18:38:32" time="8.285" tests="1" failures="0" errors="0" skipped="0">
    <properties>
      <property name="specId" value="63fba6faa4a85af6d90b613214aa9406"/>
      <property name="suiteName" value="smoke screenshot test save2"/>
      <property name="capabilities" value="chrome"/>
    </properties>
    <testcase classname="chrome.smoke screenshot test save2" name="proverka4" time="0.978">
      <system-out>
        <![CDATA[
COMMAND: POST http://127.0.0.1:4444/wd/hub/session/7da0e6d78f4081d7837f8d98cd28e25d/elements - {"using":"css selector","value":".avn008_car__image"}
RESULT: {"sessionId":"7da0e6d78f4081d7837f8d98cd28e25d","status":0,"value":[{"ELEMENT":"0.4393979673628323-2"},{"ELEMENT":"0.4393979673628323-3"},{"ELEMENT":"0.4393979673628323-4"},{"ELEMENT":"0.4393979673628323-5"},{"ELEMENT":"0.4393979673628323-6"},{"ELEMENT":"0.4393979673628323-7"},{"ELEMENT":"0.4393979673628323-8"},{"ELEMENT":"0.4393979673628323-9"}]}
COMMAND: GET http://127.0.0.1:4444/wd/hub/session/7da0e6d78f4081d7837f8d98cd28e25d/element/0.4393979673628323-2/displayed - {}
COMMAND: GET http://127.0.0.1:4444/wd/hub/session/7da0e6d78f4081d7837f8d98cd28e25d/element/0.4393979673628323-3/displayed - {}
COMMAND: GET http://127.0.0.1:4444/wd/hub/session/7da0e6d78f4081d7837f8d98cd28e25d/element/0.4393979673628323-4/displayed - {}
COMMAND: GET http://127.0.0.1:4444/wd/hub/session/7da0e6d78f4081d7837f8d98cd28e25d/element/0.4393979673628323-5/displayed - {}
COMMAND: GET http://127.0.0.1:4444/wd/hub/session/7da0e6d78f4081d7837f8d98cd28e25d/element/0.4393979673628323-6/displayed - {}
COMMAND: GET http://127.0.0.1:4444/wd/hub/session/7da0e6d78f4081d7837f8d98cd28e25d/element/0.4393979673628323-7/displayed - {}
COMMAND: GET http://127.0.0.1:4444/wd/hub/session/7da0e6d78f4081d7837f8d98cd28e25d/element/0.4393979673628323-8/displayed - {}
COMMAND: GET http://127.0.0.1:4444/wd/hub/session/7da0e6d78f4081d7837f8d98cd28e25d/element/0.4393979673628323-9/displayed - {}
RESULT: {"sessionId":"7da0e6d78f4081d7837f8d98cd28e25d","status":0,"value":false}
RESULT: {"sessionId":"7da0e6d78f4081d7837f8d98cd28e25d","status":0,"value":false}
RESULT: {"sessionId":"7da0e6d78f4081d7837f8d98cd28e25d","status":0,"value":false}
RESULT: {"sessionId":"7da0e6d78f4081d7837f8d98cd28e25d","status":0,"value":false}
RESULT: {"sessionId":"7da0e6d78f4081d7837f8d98cd28e25d","status":0,"value":false}
RESULT: {"sessionId":"7da0e6d78f4081d7837f8d98cd28e25d","status":0,"value":false}
RESULT: {"sessionId":"7da0e6d78f4081d7837f8d98cd28e25d","status":0,"value":true}
RESULT: {"sessionId":"7da0e6d78f4081d7837f8d98cd28e25d","status":0,"value":false}
COMMAND: GET http://127.0.0.1:4444/wd/hub/session/7da0e6d78f4081d7837f8d98cd28e25d/screenshot - {}
RESULT: null
COMMAND: DELETE http://127.0.0.1:4444/wd/hub/session/7da0e6d78f4081d7837f8d98cd28e25d - {}
RESULT: {"sessionId":"7da0e6d78f4081d7837f8d98cd28e25d","status":0,"value":null}
]]>
      </system-out>
    </testcase>
  </testsuite>
</testsuites>