<?xml version="1.0" encoding="UTF-8"?>
<testsuites>
  <testsuite name="before_all_hook0" timestamp="2018-08-23T18:38:57" time="10.271" tests="0" failures="0" errors="0" skipped="0">
    <properties>
      <property name="specId" value="9f9e03a197a9a4fc088174c0219609cf"/>
      <property name="suiteName" value="&quot;before all&quot; hook0"/>
      <property name="capabilities" value="chrome"/>
    </properties>
  </testsuite>
  <testsuite name="signup2" timestamp="2018-08-23T18:38:57" time="9.906" tests="8" failures="0" errors="0" skipped="0">
    <properties>
      <property name="specId" value="9f9e03a197a9a4fc088174c0219609cf"/>
      <property name="suiteName" value="signUp2"/>
      <property name="capabilities" value="chrome"/>
    </properties>
    <testcase classname="chrome.signUp2" name="registration page4" time="1.51">
      <system-out>
        <![CDATA[
COMMAND: POST http://127.0.0.1:4444/wd/hub/session/d41c1c94e15a6fbeefe301036f29bed1/element - {"using":"id","value":"prompt-toggler_selectLK"}
RESULT: {"sessionId":"d41c1c94e15a6fbeefe301036f29bed1","status":0,"value":{"ELEMENT":"0.9140598136226867-3"}}
COMMAND: POST http://127.0.0.1:4444/wd/hub/session/d41c1c94e15a6fbeefe301036f29bed1/element/0.9140598136226867-3/click - {}
RESULT: {"sessionId":"d41c1c94e15a6fbeefe301036f29bed1","status":0,"value":null}
COMMAND: POST http://127.0.0.1:4444/wd/hub/session/d41c1c94e15a6fbeefe301036f29bed1/element - {"using":"css selector","value":".avn004_prompt__content  a:nth-child(2)"}
RESULT: {"sessionId":"d41c1c94e15a6fbeefe301036f29bed1","status":0,"value":{"ELEMENT":"0.9140598136226867-4"}}
COMMAND: POST http://127.0.0.1:4444/wd/hub/session/d41c1c94e15a6fbeefe301036f29bed1/element/0.9140598136226867-4/click - {}
RESULT: {"sessionId":"d41c1c94e15a6fbeefe301036f29bed1","status":0,"value":null}
COMMAND: POST http://127.0.0.1:4444/wd/hub/session/d41c1c94e15a6fbeefe301036f29bed1/elements - {"using":"css selector","value":".logo__img_desktop"}
RESULT: {"sessionId":"d41c1c94e15a6fbeefe301036f29bed1","status":0,"value":[{"ELEMENT":"0.2086100710129033-1"},{"ELEMENT":"0.2086100710129033-2"}]}
COMMAND: GET http://127.0.0.1:4444/wd/hub/session/d41c1c94e15a6fbeefe301036f29bed1/element/0.2086100710129033-1/displayed - {}
COMMAND: GET http://127.0.0.1:4444/wd/hub/session/d41c1c94e15a6fbeefe301036f29bed1/element/0.2086100710129033-2/displayed - {}
RESULT: {"sessionId":"d41c1c94e15a6fbeefe301036f29bed1","status":0,"value":true}
RESULT: {"sessionId":"d41c1c94e15a6fbeefe301036f29bed1","status":0,"value":true}
]]>
      </system-out>
    </testcase>
    <testcase classname="chrome.signUp2" name="checking phone input7" time="0.194">
      <system-out>
        <![CDATA[
COMMAND: POST http://127.0.0.1:4444/wd/hub/session/d41c1c94e15a6fbeefe301036f29bed1/elements - {"using":"id","value":"username"}
RESULT: {"sessionId":"d41c1c94e15a6fbeefe301036f29bed1","status":0,"value":[{"ELEMENT":"0.2086100710129033-3"}]}
COMMAND: POST http://127.0.0.1:4444/wd/hub/session/d41c1c94e15a6fbeefe301036f29bed1/element/0.2086100710129033-3/clear - {}
RESULT: {"sessionId":"d41c1c94e15a6fbeefe301036f29bed1","status":0,"value":null}
COMMAND: POST http://127.0.0.1:4444/wd/hub/session/d41c1c94e15a6fbeefe301036f29bed1/element/0.2086100710129033-3/value - {"value":["1","-","1","1","4","-","1","6","0","-","(9 more items)"],"text":"1-114-160-4238 x093"}
RESULT: {"sessionId":"d41c1c94e15a6fbeefe301036f29bed1","status":0,"value":null}
]]>
      </system-out>
    </testcase>
    <testcase classname="chrome.signUp2" name="verification of email input10" time="0.136">
      <system-out>
        <![CDATA[
COMMAND: POST http://127.0.0.1:4444/wd/hub/session/d41c1c94e15a6fbeefe301036f29bed1/elements - {"using":"id","value":"email"}
RESULT: {"sessionId":"d41c1c94e15a6fbeefe301036f29bed1","status":0,"value":[{"ELEMENT":"0.2086100710129033-4"}]}
COMMAND: POST http://127.0.0.1:4444/wd/hub/session/d41c1c94e15a6fbeefe301036f29bed1/element/0.2086100710129033-4/clear - {}
RESULT: {"sessionId":"d41c1c94e15a6fbeefe301036f29bed1","status":0,"value":null}
COMMAND: POST http://127.0.0.1:4444/wd/hub/session/d41c1c94e15a6fbeefe301036f29bed1/element/0.2086100710129033-4/value - {"value":["9","@","g","m","a","i","l",".","c","o","(1 more items)"],"text":"9@gmail.com"}
RESULT: {"sessionId":"d41c1c94e15a6fbeefe301036f29bed1","status":0,"value":null}
]]>
      </system-out>
    </testcase>
    <testcase classname="chrome.signUp2" name="checking the last name13" time="0.255">
      <system-out>
        <![CDATA[
COMMAND: POST http://127.0.0.1:4444/wd/hub/session/d41c1c94e15a6fbeefe301036f29bed1/element - {"using":"css selector","value":".form__radio span"}
RESULT: {"sessionId":"d41c1c94e15a6fbeefe301036f29bed1","status":0,"value":{"ELEMENT":"0.2086100710129033-5"}}
COMMAND: POST http://127.0.0.1:4444/wd/hub/session/d41c1c94e15a6fbeefe301036f29bed1/element/0.2086100710129033-5/click - {}
RESULT: {"sessionId":"d41c1c94e15a6fbeefe301036f29bed1","status":0,"value":null}
COMMAND: POST http://127.0.0.1:4444/wd/hub/session/d41c1c94e15a6fbeefe301036f29bed1/elements - {"using":"id","value":"lastName"}
RESULT: {"sessionId":"d41c1c94e15a6fbeefe301036f29bed1","status":0,"value":[{"ELEMENT":"0.2086100710129033-6"}]}
COMMAND: POST http://127.0.0.1:4444/wd/hub/session/d41c1c94e15a6fbeefe301036f29bed1/element/0.2086100710129033-6/clear - {}
RESULT: {"sessionId":"d41c1c94e15a6fbeefe301036f29bed1","status":0,"value":null}
COMMAND: POST http://127.0.0.1:4444/wd/hub/session/d41c1c94e15a6fbeefe301036f29bed1/element/0.2086100710129033-6/value - {"value":["S","a","t","t","e","r","f","i","e","l","(1 more items)"],"text":"Satterfield"}
RESULT: {"sessionId":"d41c1c94e15a6fbeefe301036f29bed1","status":0,"value":null}
]]>
      </system-out>
    </testcase>
    <testcase classname="chrome.signUp2" name="input check name16" time="0.147">
      <system-out>
        <![CDATA[
COMMAND: POST http://127.0.0.1:4444/wd/hub/session/d41c1c94e15a6fbeefe301036f29bed1/elements - {"using":"id","value":"firstName"}
RESULT: {"sessionId":"d41c1c94e15a6fbeefe301036f29bed1","status":0,"value":[{"ELEMENT":"0.2086100710129033-7"}]}
COMMAND: POST http://127.0.0.1:4444/wd/hub/session/d41c1c94e15a6fbeefe301036f29bed1/element/0.2086100710129033-7/clear - {}
RESULT: {"sessionId":"d41c1c94e15a6fbeefe301036f29bed1","status":0,"value":null}
COMMAND: POST http://127.0.0.1:4444/wd/hub/session/d41c1c94e15a6fbeefe301036f29bed1/element/0.2086100710129033-7/value - {"value":["A","l","e","x","a","n","d","r","i","n","(1 more items)"],"text":"Alexandrine"}
RESULT: {"sessionId":"d41c1c94e15a6fbeefe301036f29bed1","status":0,"value":null}
]]>
      </system-out>
    </testcase>
    <testcase classname="chrome.signUp2" name="entry check patronymic19" time="0.118">
      <system-out>
        <![CDATA[
COMMAND: POST http://127.0.0.1:4444/wd/hub/session/d41c1c94e15a6fbeefe301036f29bed1/elements - {"using":"css selector","value":"#kc-register-form > div:nth-child(6) > input"}
RESULT: {"sessionId":"d41c1c94e15a6fbeefe301036f29bed1","status":0,"value":[{"ELEMENT":"0.2086100710129033-8"}]}
COMMAND: POST http://127.0.0.1:4444/wd/hub/session/d41c1c94e15a6fbeefe301036f29bed1/element/0.2086100710129033-8/clear - {}
RESULT: {"sessionId":"d41c1c94e15a6fbeefe301036f29bed1","status":0,"value":null}
COMMAND: POST http://127.0.0.1:4444/wd/hub/session/d41c1c94e15a6fbeefe301036f29bed1/element/0.2086100710129033-8/value - {"value":["O","r","t","i","z"],"text":"Ortiz"}
RESULT: {"sessionId":"d41c1c94e15a6fbeefe301036f29bed1","status":0,"value":null}
]]>
      </system-out>
    </testcase>
    <testcase classname="chrome.signUp2" name="enter the password22" time="0.26">
      <system-out>
        <![CDATA[
COMMAND: POST http://127.0.0.1:4444/wd/hub/session/d41c1c94e15a6fbeefe301036f29bed1/elements - {"using":"id","value":"password"}
RESULT: {"sessionId":"d41c1c94e15a6fbeefe301036f29bed1","status":0,"value":[{"ELEMENT":"0.2086100710129033-9"}]}
COMMAND: POST http://127.0.0.1:4444/wd/hub/session/d41c1c94e15a6fbeefe301036f29bed1/element/0.2086100710129033-9/clear - {}
RESULT: {"sessionId":"d41c1c94e15a6fbeefe301036f29bed1","status":0,"value":null}
COMMAND: POST http://127.0.0.1:4444/wd/hub/session/d41c1c94e15a6fbeefe301036f29bed1/element/0.2086100710129033-9/value - {"value":["m","f","u","X","k","h","i","w","v","O"],"text":"mfuXkhiwvO"}
RESULT: {"sessionId":"d41c1c94e15a6fbeefe301036f29bed1","status":0,"value":null}
COMMAND: POST http://127.0.0.1:4444/wd/hub/session/d41c1c94e15a6fbeefe301036f29bed1/elements - {"using":"id","value":"password-confirm"}
RESULT: {"sessionId":"d41c1c94e15a6fbeefe301036f29bed1","status":0,"value":[{"ELEMENT":"0.2086100710129033-10"}]}
COMMAND: POST http://127.0.0.1:4444/wd/hub/session/d41c1c94e15a6fbeefe301036f29bed1/element/0.2086100710129033-10/clear - {}
RESULT: {"sessionId":"d41c1c94e15a6fbeefe301036f29bed1","status":0,"value":null}
COMMAND: POST http://127.0.0.1:4444/wd/hub/session/d41c1c94e15a6fbeefe301036f29bed1/element/0.2086100710129033-10/value - {"value":["m","f","u","X","k","h","i","w","v","O"],"text":"mfuXkhiwvO"}
RESULT: {"sessionId":"d41c1c94e15a6fbeefe301036f29bed1","status":0,"value":null}
]]>
      </system-out>
    </testcase>
    <testcase classname="chrome.signUp2" name="check that we are back25" time="1.463">
      <system-out>
        <![CDATA[
COMMAND: POST http://127.0.0.1:4444/wd/hub/session/d41c1c94e15a6fbeefe301036f29bed1/element - {"using":"css selector","value":".btn_cta[type=\"submit\"]"}
RESULT: {"sessionId":"d41c1c94e15a6fbeefe301036f29bed1","status":0,"value":{"ELEMENT":"0.2086100710129033-11"}}
COMMAND: POST http://127.0.0.1:4444/wd/hub/session/d41c1c94e15a6fbeefe301036f29bed1/element/0.2086100710129033-11/click - {}
RESULT: {"sessionId":"d41c1c94e15a6fbeefe301036f29bed1","status":0,"value":null}
COMMAND: POST http://127.0.0.1:4444/wd/hub/session/d41c1c94e15a6fbeefe301036f29bed1/elements - {"using":"css selector","value":".avn001_container"}
RESULT: {"sessionId":"d41c1c94e15a6fbeefe301036f29bed1","status":0,"value":[]}
COMMAND: POST http://127.0.0.1:4444/wd/hub/session/d41c1c94e15a6fbeefe301036f29bed1/elements - {"using":"css selector","value":".avn001_container"}
RESULT: {"sessionId":"d41c1c94e15a6fbeefe301036f29bed1","status":0,"value":[{"ELEMENT":"0.6011015157149897-1"},{"ELEMENT":"0.6011015157149897-2"}]}
COMMAND: GET http://127.0.0.1:4444/wd/hub/session/d41c1c94e15a6fbeefe301036f29bed1/url - {}
RESULT: {"sessionId":"d41c1c94e15a6fbeefe301036f29bed1","status":0,"value":"https://vw.kodix.ru/"}
COMMAND: DELETE http://127.0.0.1:4444/wd/hub/session/d41c1c94e15a6fbeefe301036f29bed1 - {}
RESULT: {"sessionId":"d41c1c94e15a6fbeefe301036f29bed1","status":0,"value":null}
]]>
      </system-out>
    </testcase>
  </testsuite>
</testsuites>