<?xml version="1.0" encoding="UTF-8"?>
<testsuites>
  <testsuite name="before_all_hook0" timestamp="2018-08-24T16:25:18" time="35.921" tests="0" failures="0" errors="0" skipped="0">
    <properties>
      <property name="specId" value="a0cafe6f2c8a5481a4ec7327828a1502"/>
      <property name="suiteName" value="&quot;before all&quot; hook0"/>
      <property name="capabilities" value="chrome"/>
    </properties>
  </testsuite>
  <testsuite name="status_server2" timestamp="2018-08-24T16:25:18" time="4.27" tests="1" failures="0" errors="0" skipped="0">
    <properties>
      <property name="specId" value="a0cafe6f2c8a5481a4ec7327828a1502"/>
      <property name="suiteName" value="status server2"/>
      <property name="capabilities" value="chrome"/>
    </properties>
    <testcase classname="chrome.status server2" name="check status server4" time="0.978">
      <system-out>
        <![CDATA[
COMMAND: DELETE http://127.0.0.1:4444/wd/hub/session/bebebbf3ed24946046f573bd5d2d613e - {}
RESULT: {"sessionId":"bebebbf3ed24946046f573bd5d2d613e","status":0,"value":null}
]]>
      </system-out>
    </testcase>
  </testsuite>
</testsuites>