<?xml version="1.0" encoding="UTF-8"?>
<testsuites>
  <testsuite name="before_all_hook0" timestamp="2018-08-24T16:25:27" time="26.992" tests="0" failures="0" errors="0" skipped="0">
    <properties>
      <property name="specId" value="bd5078ac49aa13cf77ef31ef9a8284ff"/>
      <property name="suiteName" value="&quot;before all&quot; hook0"/>
      <property name="capabilities" value="chrome"/>
    </properties>
  </testsuite>
  <testsuite name="checking_cards2" timestamp="2018-08-24T16:25:27" time="22.832" tests="1" failures="0" errors="1" skipped="0">
    <properties>
      <property name="specId" value="bd5078ac49aa13cf77ef31ef9a8284ff"/>
      <property name="suiteName" value="checking-cards2"/>
      <property name="capabilities" value="chrome"/>
    </properties>
    <testcase classname="chrome.checking-cards2" name="&quot;before all&quot; hook4" time="4.161">
      <error message="&#xA;Promise was rejected with the following reason: connect ECONNREFUSED 127.0.0.1:4444&#xA;"/>
      <system-err>
        <![CDATA[
Error: Promise was rejected with the following reason: connect ECONNREFUSED 127.0.0.1:4444
    at new WaitUntilTimeoutError (C:\autotest\node_modules\webdriverio\build\lib\utils\ErrorHandler.js:149:12)
    at C:\autotest\node_modules\webdriverio\build\lib\commands\waitUntil.js:36:15
    at <anonymous>
]]>
      </system-err>
    </testcase>
  </testsuite>
</testsuites>