<?xml version="1.0" encoding="UTF-8"?>
<testsuites>
  <testsuite name="before_all_hook0" timestamp="2018-08-27T16:05:20" time="33.783" tests="0" failures="0" errors="0" skipped="0">
    <properties>
      <property name="specId" value="42187d2878a09c84ecccf0ee8ae301b3"/>
      <property name="suiteName" value="&quot;before all&quot; hook0"/>
      <property name="capabilities" value="firefox"/>
    </properties>
  </testsuite>
  <testsuite name="test_of_the_price_slider2" timestamp="2018-08-27T16:05:20" time="32.131" tests="5" failures="0" errors="0" skipped="0">
    <properties>
      <property name="specId" value="42187d2878a09c84ecccf0ee8ae301b3"/>
      <property name="suiteName" value="test of the price slider2"/>
      <property name="capabilities" value="firefox"/>
    </properties>
    <testcase classname="firefox.test of the price slider2" name="page budget4" time="0.401">
      <system-out>
        <![CDATA[
COMMAND: POST http://127.0.0.1:4444/wd/hub/session/38675ea6-a462-4aea-a812-8b8a46a073d1/element - {"using":"id","value":"react-tabs-2"}
RESULT: {"state":"success","sessionId":null,"hCode":627572182,"value":{"element-6066-11e4-a52e-4f735466cecf":"c75d4525-aa90-4716-8679-8a43790475e3"},"class":"org.openqa.selenium.remote.Response","status":0}
COMMAND: POST http://127.0.0.1:4444/wd/hub/session/38675ea6-a462-4aea-a812-8b8a46a073d1/element/c75d4525-aa90-4716-8679-8a43790475e3/click - {}
RESULT: {"state":"success","sessionId":null,"hCode":-1866246268,"value":{},"class":"org.openqa.selenium.remote.Response","status":0}
COMMAND: POST http://127.0.0.1:4444/wd/hub/session/38675ea6-a462-4aea-a812-8b8a46a073d1/elements - {"using":"css selector","value":".gridcontainer.avn008_filter__grid-align"}
RESULT: {"state":"success","sessionId":null,"hCode":-860402042,"value":[{"element-6066-11e4-a52e-4f735466cecf":"005c7437-dabb-42d8-b2a4-44a28c4df06b"}],"class":"org.openqa.selenium.remote.Response","status":0}
]]>
      </system-out>
    </testcase>
    <testcase classname="firefox.test of the price slider2" name="move the left slider7" time="0.909">
      <system-out>
        <![CDATA[
COMMAND: POST http://127.0.0.1:4444/wd/hub/session/38675ea6-a462-4aea-a812-8b8a46a073d1/elements - {"using":"css selector","value":".avn008_overlay_submit-block_price-display span.price-text"}
RESULT: {"state":"success","sessionId":null,"hCode":-1697686751,"value":[{"element-6066-11e4-a52e-4f735466cecf":"f554a5ca-00a7-4304-87a4-8c0184d7f20f"}],"class":"org.openqa.selenium.remote.Response","status":0}
COMMAND: GET http://127.0.0.1:4444/wd/hub/session/38675ea6-a462-4aea-a812-8b8a46a073d1/element/f554a5ca-00a7-4304-87a4-8c0184d7f20f/text - {}
RESULT: {"state":"success","sessionId":null,"hCode":1226659158,"value":"599 900","class":"org.openqa.selenium.remote.Response","status":0}
COMMAND: POST http://127.0.0.1:4444/wd/hub/session/38675ea6-a462-4aea-a812-8b8a46a073d1/elements - {"using":"css selector","value":".rc-slider-handle-1"}
RESULT: {"state":"success","sessionId":null,"hCode":-767036409,"value":[{"element-6066-11e4-a52e-4f735466cecf":"682be9d8-d3fa-48b7-8685-687d164f436e"}],"class":"org.openqa.selenium.remote.Response","status":0}
COMMAND: GET http://127.0.0.1:4444/wd/hub/session/38675ea6-a462-4aea-a812-8b8a46a073d1/element/682be9d8-d3fa-48b7-8685-687d164f436e/displayed - {}
RESULT: {"state":"success","sessionId":null,"hCode":-1829573547,"value":true,"class":"org.openqa.selenium.remote.Response","status":0}
COMMAND: POST http://127.0.0.1:4444/wd/hub/session/38675ea6-a462-4aea-a812-8b8a46a073d1/element - {"using":"css selector","value":".rc-slider-handle-1"}
RESULT: {"state":"success","sessionId":null,"hCode":-767959930,"value":{"element-6066-11e4-a52e-4f735466cecf":"682be9d8-d3fa-48b7-8685-687d164f436e"},"class":"org.openqa.selenium.remote.Response","status":0}
COMMAND: POST http://127.0.0.1:4444/wd/hub/session/38675ea6-a462-4aea-a812-8b8a46a073d1/moveto - {"element":"682be9d8-d3fa-48b7-8685-687d164f436e","xoffset":20,"yoffset":20}
RESULT: {"state":"success","sessionId":null,"hCode":-1866246268,"value":{},"class":"org.openqa.selenium.remote.Response","status":0}
COMMAND: POST http://127.0.0.1:4444/wd/hub/session/38675ea6-a462-4aea-a812-8b8a46a073d1/buttondown - {"button":0}
RESULT: {"state":"success","sessionId":null,"hCode":-1866246268,"value":{},"class":"org.openqa.selenium.remote.Response","status":0}
COMMAND: POST http://127.0.0.1:4444/wd/hub/session/38675ea6-a462-4aea-a812-8b8a46a073d1/element - {"using":"css selector","value":".avn008_budget__slider-self"}
RESULT: {"state":"success","sessionId":null,"hCode":-1800658928,"value":{"element-6066-11e4-a52e-4f735466cecf":"9d8aaae4-55be-4563-b507-d4123ff022b8"},"class":"org.openqa.selenium.remote.Response","status":0}
COMMAND: POST http://127.0.0.1:4444/wd/hub/session/38675ea6-a462-4aea-a812-8b8a46a073d1/moveto - {"element":"9d8aaae4-55be-4563-b507-d4123ff022b8","xoffset":10,"yoffset":0}
RESULT: {"state":"success","sessionId":null,"hCode":-1866246268,"value":{},"class":"org.openqa.selenium.remote.Response","status":0}
COMMAND: POST http://127.0.0.1:4444/wd/hub/session/38675ea6-a462-4aea-a812-8b8a46a073d1/buttonup - {"button":0}
RESULT: {"state":"success","sessionId":null,"hCode":-1866246268,"value":{},"class":"org.openqa.selenium.remote.Response","status":0}
COMMAND: POST http://127.0.0.1:4444/wd/hub/session/38675ea6-a462-4aea-a812-8b8a46a073d1/elements - {"using":"css selector","value":".avn008_overlay_submit-block_price-display span.price-text"}
RESULT: {"state":"success","sessionId":null,"hCode":-1697686751,"value":[{"element-6066-11e4-a52e-4f735466cecf":"f554a5ca-00a7-4304-87a4-8c0184d7f20f"}],"class":"org.openqa.selenium.remote.Response","status":0}
COMMAND: GET http://127.0.0.1:4444/wd/hub/session/38675ea6-a462-4aea-a812-8b8a46a073d1/element/f554a5ca-00a7-4304-87a4-8c0184d7f20f/text - {}
RESULT: {"state":"success","sessionId":null,"hCode":-105377371,"value":"774 490","class":"org.openqa.selenium.remote.Response","status":0}
]]>
      </system-out>
    </testcase>
    <testcase classname="firefox.test of the price slider2" name="minimum budget10" time="0.058">
      <system-out>
        <![CDATA[
COMMAND: POST http://127.0.0.1:4444/wd/hub/session/38675ea6-a462-4aea-a812-8b8a46a073d1/elements - {"using":"css selector","value":" div:nth-child(1) > div.avn008_filter-value-item__inner.avn008_filter-value-item__with-price"}
RESULT: {"state":"success","sessionId":null,"hCode":-226969480,"value":[{"element-6066-11e4-a52e-4f735466cecf":"9df501f8-1f74-47f3-aa53-e3cf55958cf2"}],"class":"org.openqa.selenium.remote.Response","status":0}
]]>
      </system-out>
    </testcase>
    <testcase classname="firefox.test of the price slider2" name="right slider motion13" time="1.756">
      <system-out>
        <![CDATA[
COMMAND: POST http://127.0.0.1:4444/wd/hub/session/38675ea6-a462-4aea-a812-8b8a46a073d1/elements - {"using":"css selector","value":".rc-slider-handle-2"}
RESULT: {"state":"success","sessionId":null,"hCode":1675421867,"value":[{"element-6066-11e4-a52e-4f735466cecf":"0b8d2d55-f6eb-4181-9285-62a961e9b0e7"}],"class":"org.openqa.selenium.remote.Response","status":0}
COMMAND: GET http://127.0.0.1:4444/wd/hub/session/38675ea6-a462-4aea-a812-8b8a46a073d1/element/0b8d2d55-f6eb-4181-9285-62a961e9b0e7/displayed - {}
RESULT: {"state":"success","sessionId":null,"hCode":-1829573547,"value":true,"class":"org.openqa.selenium.remote.Response","status":0}
COMMAND: POST http://127.0.0.1:4444/wd/hub/session/38675ea6-a462-4aea-a812-8b8a46a073d1/elements - {"using":"css selector","value":".rc-slider-handle-2"}
RESULT: {"state":"success","sessionId":null,"hCode":1675421867,"value":[{"element-6066-11e4-a52e-4f735466cecf":"0b8d2d55-f6eb-4181-9285-62a961e9b0e7"}],"class":"org.openqa.selenium.remote.Response","status":0}
COMMAND: GET http://127.0.0.1:4444/wd/hub/session/38675ea6-a462-4aea-a812-8b8a46a073d1/element/0b8d2d55-f6eb-4181-9285-62a961e9b0e7/displayed - {}
RESULT: {"state":"success","sessionId":null,"hCode":-1829573547,"value":true,"class":"org.openqa.selenium.remote.Response","status":0}
COMMAND: POST http://127.0.0.1:4444/wd/hub/session/38675ea6-a462-4aea-a812-8b8a46a073d1/element - {"using":"css selector","value":".rc-slider-handle-2"}
RESULT: {"state":"success","sessionId":null,"hCode":1674498346,"value":{"element-6066-11e4-a52e-4f735466cecf":"0b8d2d55-f6eb-4181-9285-62a961e9b0e7"},"class":"org.openqa.selenium.remote.Response","status":0}
COMMAND: POST http://127.0.0.1:4444/wd/hub/session/38675ea6-a462-4aea-a812-8b8a46a073d1/moveto - {"element":"0b8d2d55-f6eb-4181-9285-62a961e9b0e7","xoffset":20,"yoffset":20}
RESULT: {"state":"success","sessionId":null,"hCode":-1866246268,"value":{},"class":"org.openqa.selenium.remote.Response","status":0}
COMMAND: POST http://127.0.0.1:4444/wd/hub/session/38675ea6-a462-4aea-a812-8b8a46a073d1/buttondown - {"button":0}
RESULT: {"state":"success","sessionId":null,"hCode":-1866246268,"value":{},"class":"org.openqa.selenium.remote.Response","status":0}
COMMAND: POST http://127.0.0.1:4444/wd/hub/session/38675ea6-a462-4aea-a812-8b8a46a073d1/element - {"using":"css selector","value":".avn008_budget__slider-self"}
RESULT: {"state":"success","sessionId":null,"hCode":-1800658928,"value":{"element-6066-11e4-a52e-4f735466cecf":"9d8aaae4-55be-4563-b507-d4123ff022b8"},"class":"org.openqa.selenium.remote.Response","status":0}
COMMAND: POST http://127.0.0.1:4444/wd/hub/session/38675ea6-a462-4aea-a812-8b8a46a073d1/moveto - {"element":"9d8aaae4-55be-4563-b507-d4123ff022b8","xoffset":40,"yoffset":0}
RESULT: {"state":"success","sessionId":null,"hCode":-1866246268,"value":{},"class":"org.openqa.selenium.remote.Response","status":0}
COMMAND: POST http://127.0.0.1:4444/wd/hub/session/38675ea6-a462-4aea-a812-8b8a46a073d1/buttonup - {"button":0}
RESULT: {"state":"success","sessionId":null,"hCode":-1866246268,"value":{},"class":"org.openqa.selenium.remote.Response","status":0}
COMMAND: POST http://127.0.0.1:4444/wd/hub/session/38675ea6-a462-4aea-a812-8b8a46a073d1/elements - {"using":"css selector","value":"div:nth-child(2) > .avn008_filter-value-item__inner > .avn008_filter-value-item_price-self"}
RESULT: {"state":"success","sessionId":null,"hCode":481825861,"value":[{"element-6066-11e4-a52e-4f735466cecf":"9a637985-0f4f-488c-89a4-87b194544cd2"}],"class":"org.openqa.selenium.remote.Response","status":0}
COMMAND: GET http://127.0.0.1:4444/wd/hub/session/38675ea6-a462-4aea-a812-8b8a46a073d1/element/9a637985-0f4f-488c-89a4-87b194544cd2/text - {}
RESULT: {"state":"success","sessionId":null,"hCode":-1823438649,"value":"2 731 776","class":"org.openqa.selenium.remote.Response","status":0}
COMMAND: POST http://127.0.0.1:4444/wd/hub/session/38675ea6-a462-4aea-a812-8b8a46a073d1/elements - {"using":"css selector","value":".rc-slider-handle-2"}
RESULT: {"state":"success","sessionId":null,"hCode":1675421867,"value":[{"element-6066-11e4-a52e-4f735466cecf":"0b8d2d55-f6eb-4181-9285-62a961e9b0e7"}],"class":"org.openqa.selenium.remote.Response","status":0}
COMMAND: GET http://127.0.0.1:4444/wd/hub/session/38675ea6-a462-4aea-a812-8b8a46a073d1/element/0b8d2d55-f6eb-4181-9285-62a961e9b0e7/displayed - {}
RESULT: {"state":"success","sessionId":null,"hCode":-1829573547,"value":true,"class":"org.openqa.selenium.remote.Response","status":0}
COMMAND: POST http://127.0.0.1:4444/wd/hub/session/38675ea6-a462-4aea-a812-8b8a46a073d1/element - {"using":"css selector","value":".rc-slider-handle-2"}
RESULT: {"state":"success","sessionId":null,"hCode":1674498346,"value":{"element-6066-11e4-a52e-4f735466cecf":"0b8d2d55-f6eb-4181-9285-62a961e9b0e7"},"class":"org.openqa.selenium.remote.Response","status":0}
COMMAND: POST http://127.0.0.1:4444/wd/hub/session/38675ea6-a462-4aea-a812-8b8a46a073d1/moveto - {"element":"0b8d2d55-f6eb-4181-9285-62a961e9b0e7","xoffset":20,"yoffset":20}
RESULT: {"state":"success","sessionId":null,"hCode":-1866246268,"value":{},"class":"org.openqa.selenium.remote.Response","status":0}
COMMAND: POST http://127.0.0.1:4444/wd/hub/session/38675ea6-a462-4aea-a812-8b8a46a073d1/buttondown - {"button":0}
RESULT: {"state":"success","sessionId":null,"hCode":-1866246268,"value":{},"class":"org.openqa.selenium.remote.Response","status":0}
COMMAND: POST http://127.0.0.1:4444/wd/hub/session/38675ea6-a462-4aea-a812-8b8a46a073d1/element - {"using":"css selector","value":".avn008_budget__slider-self"}
RESULT: {"state":"success","sessionId":null,"hCode":-1800658928,"value":{"element-6066-11e4-a52e-4f735466cecf":"9d8aaae4-55be-4563-b507-d4123ff022b8"},"class":"org.openqa.selenium.remote.Response","status":0}
COMMAND: POST http://127.0.0.1:4444/wd/hub/session/38675ea6-a462-4aea-a812-8b8a46a073d1/moveto - {"element":"9d8aaae4-55be-4563-b507-d4123ff022b8","xoffset":80,"yoffset":0}
RESULT: {"state":"success","sessionId":null,"hCode":-1866246268,"value":{},"class":"org.openqa.selenium.remote.Response","status":0}
COMMAND: POST http://127.0.0.1:4444/wd/hub/session/38675ea6-a462-4aea-a812-8b8a46a073d1/buttonup - {"button":0}
RESULT: {"state":"success","sessionId":null,"hCode":-1866246268,"value":{},"class":"org.openqa.selenium.remote.Response","status":0}
COMMAND: POST http://127.0.0.1:4444/wd/hub/session/38675ea6-a462-4aea-a812-8b8a46a073d1/elements - {"using":"css selector","value":"div:nth-child(2) > .avn008_filter-value-item__inner > .avn008_filter-value-item_price-self"}
RESULT: {"state":"success","sessionId":null,"hCode":481825861,"value":[{"element-6066-11e4-a52e-4f735466cecf":"9a637985-0f4f-488c-89a4-87b194544cd2"}],"class":"org.openqa.selenium.remote.Response","status":0}
COMMAND: GET http://127.0.0.1:4444/wd/hub/session/38675ea6-a462-4aea-a812-8b8a46a073d1/element/9a637985-0f4f-488c-89a4-87b194544cd2/text - {}
RESULT: {"state":"success","sessionId":null,"hCode":-2127621120,"value":"2 936 600","class":"org.openqa.selenium.remote.Response","status":0}
]]>
      </system-out>
    </testcase>
    <testcase classname="firefox.test of the price slider2" name="minimum budget16" time="0.015">
      <system-out>
        <![CDATA[
COMMAND: POST http://127.0.0.1:4444/wd/hub/session/38675ea6-a462-4aea-a812-8b8a46a073d1/elements - {"using":"css selector","value":" div:nth-child(2) > div.avn008_filter-value-item__inner.avn008_filter-value-item__with-price"}
RESULT: {"state":"success","sessionId":null,"hCode":-879497613,"value":[{"element-6066-11e4-a52e-4f735466cecf":"6fa8cdb5-f7be-43aa-8419-251d3aea404d"}],"class":"org.openqa.selenium.remote.Response","status":0}
COMMAND: DELETE http://127.0.0.1:4444/wd/hub/session/38675ea6-a462-4aea-a812-8b8a46a073d1 - {}
RESULT: {"state":"success","sessionId":null,"hCode":-1866246268,"value":{},"class":"org.openqa.selenium.remote.Response","status":0}
]]>
      </system-out>
    </testcase>
  </testsuite>
</testsuites>