<?xml version="1.0" encoding="UTF-8"?>
<testsuites>
  <testsuite name="before_all_hook0" timestamp="2018-08-23T18:38:19" time="48.342" tests="0" failures="0" errors="0" skipped="0">
    <properties>
      <property name="specId" value="d5dafa8f41a174cbc8f9a3506970c950"/>
      <property name="suiteName" value="&quot;before all&quot; hook0"/>
      <property name="capabilities" value="chrome"/>
    </properties>
  </testsuite>
  <testsuite name="smoke_screenshot_test2" timestamp="2018-08-23T18:38:19" time="7.715" tests="3" failures="0" errors="1" skipped="0">
    <properties>
      <property name="specId" value="d5dafa8f41a174cbc8f9a3506970c950"/>
      <property name="suiteName" value="smoke screenshot test2"/>
      <property name="capabilities" value="chrome"/>
    </properties>
    <testcase classname="chrome.smoke screenshot test2" name="take screenshot4" time="0.003"/>
    <testcase classname="chrome.smoke screenshot test2" name="take second screenshot7" time="0.525">
      <system-out>
        <![CDATA[
COMMAND: GET http://127.0.0.1:4444/wd/hub/session/986c0425918da1a1c61f8545919cdcda/screenshot - {}
RESULT: null
]]>
      </system-out>
    </testcase>
    <testcase classname="chrome.smoke screenshot test2" name="compare screenshots10" time="0.013">
      <error message="&#xA;First argument must be a string, Buffer, ArrayBuffer, Array, or array-like object.&#xA;"/>
      <system-out>
        <![CDATA[
COMMAND: DELETE http://127.0.0.1:4444/wd/hub/session/986c0425918da1a1c61f8545919cdcda - {}
RESULT: {"sessionId":"986c0425918da1a1c61f8545919cdcda","status":0,"value":null}
]]>
      </system-out>
      <system-err>
        <![CDATA[
TypeError: First argument must be a string, Buffer, ArrayBuffer, Array, or array-like object.
    at Function.Buffer.from (buffer.js:183:11)
    at compareScreenshots (C:/webdriverIO-with-mochaBDD-master/test/specs/scrin/screentest-pagefilter.js:7:45)
    at Context.it (C:/webdriverIO-with-mochaBDD-master/test/specs/scrin/screentest-pagefilter.js:48:32)
    at C:\webdriverIO-with-mochaBDD-master\node_modules\wdio-sync\build\index.js:590:26
    at new Promise (<anonymous>)
    at new F (C:\webdriverIO-with-mochaBDD-master\node_modules\core-js\library\modules\_export.js:36:28)
    at Context.executeSync (C:\webdriverIO-with-mochaBDD-master\node_modules\wdio-sync\build\index.js:588:12)
    at C:\webdriverIO-with-mochaBDD-master\node_modules\wdio-sync\build\index.js:759:42
]]>
      </system-err>
    </testcase>
  </testsuite>
</testsuites>