{"stats":{"suites":1,"tests":5,"passes":5,"pending":0,"failures":0,"start":"2018-08-27T13:48:18.788Z","end":"2018-08-27T13:48:37.243Z","duration":18455,"testsRegistered":5,"passPercent":100,"pendingPercent":0,"other":0,"hasOther":false,"skipped":0,"hasSkipped":false,"passPercentClass":"success","pendingPercentClass":"danger"},"suites":{"title":"","suites":[{"title":"test of the price slider (chrome)","suites":[],"tests":[{"title":"page budget","fullTitle":"page budget","timedOut":false,"duration":453,"speed":"fast","pass":true,"fail":false,"pending":false,"code":"","isRoot":false,"uuid":"9a7ab189-377a-4632-b3d9-62c127f467fd","parentUUID":"40e631c2-aaf3-428d-8e81-0cebbc3ff875","skipped":false,"isHook":false,"context":"[{\"title\":\"Session Id\",\"value\":\"c4d18eb6e6d75962ce9ce4b3b679c154\"}]","state":"passed","err":{}},{"title":"move the left slider","fullTitle":"move the left slider","timedOut":false,"duration":617,"speed":"fast","pass":true,"fail":false,"pending":false,"code":"","isRoot":false,"uuid":"b1de23d2-53f5-42a4-9f0a-e117ac421e31","parentUUID":"40e631c2-aaf3-428d-8e81-0cebbc3ff875","skipped":false,"isHook":false,"context":"[{\"title\":\"Session Id\",\"value\":\"c4d18eb6e6d75962ce9ce4b3b679c154\"}]","state":"passed","err":{}},{"title":"minimum budget","fullTitle":"minimum budget","timedOut":false,"duration":32,"speed":"fast","pass":true,"fail":false,"pending":false,"code":"","isRoot":false,"uuid":"fea4de76-042f-42eb-b4f6-641c23108786","parentUUID":"40e631c2-aaf3-428d-8e81-0cebbc3ff875","skipped":false,"isHook":false,"context":"[{\"title\":\"Session Id\",\"value\":\"c4d18eb6e6d75962ce9ce4b3b679c154\"}]","state":"passed","err":{}},{"title":"right slider motion","fullTitle":"right slider motion","timedOut":false,"duration":1055,"speed":"fast","pass":true,"fail":false,"pending":false,"code":"","isRoot":false,"uuid":"5f12a6bd-fd1a-48ec-ae9b-3e7de883a8c8","parentUUID":"40e631c2-aaf3-428d-8e81-0cebbc3ff875","skipped":false,"isHook":false,"context":"[{\"title\":\"Session Id\",\"value\":\"c4d18eb6e6d75962ce9ce4b3b679c154\"}]","state":"passed","err":{}},{"title":"minimum budget","fullTitle":"minimum budget","timedOut":false,"duration":56,"speed":"fast","pass":true,"fail":false,"pending":false,"code":"","isRoot":false,"uuid":"c129594c-bd92-408e-967d-4cad4bab42fc","parentUUID":"40e631c2-aaf3-428d-8e81-0cebbc3ff875","skipped":false,"isHook":false,"context":"[{\"title\":\"Session Id\",\"value\":\"c4d18eb6e6d75962ce9ce4b3b679c154\"}]","state":"passed","err":{}}],"pending":[],"root":false,"fullFile":"","file":"","passes":[{"title":"page budget","fullTitle":"page budget","timedOut":false,"duration":453,"speed":"fast","pass":true,"fail":false,"pending":false,"code":"","isRoot":false,"uuid":"9a7ab189-377a-4632-b3d9-62c127f467fd","parentUUID":"40e631c2-aaf3-428d-8e81-0cebbc3ff875","skipped":false,"isHook":false,"context":"[{\"title\":\"Session Id\",\"value\":\"c4d18eb6e6d75962ce9ce4b3b679c154\"}]","state":"passed","err":{}},{"title":"move the left slider","fullTitle":"move the left slider","timedOut":false,"duration":617,"speed":"fast","pass":true,"fail":false,"pending":false,"code":"","isRoot":false,"uuid":"b1de23d2-53f5-42a4-9f0a-e117ac421e31","parentUUID":"40e631c2-aaf3-428d-8e81-0cebbc3ff875","skipped":false,"isHook":false,"context":"[{\"title\":\"Session Id\",\"value\":\"c4d18eb6e6d75962ce9ce4b3b679c154\"}]","state":"passed","err":{}},{"title":"minimum budget","fullTitle":"minimum budget","timedOut":false,"duration":32,"speed":"fast","pass":true,"fail":false,"pending":false,"code":"","isRoot":false,"uuid":"fea4de76-042f-42eb-b4f6-641c23108786","parentUUID":"40e631c2-aaf3-428d-8e81-0cebbc3ff875","skipped":false,"isHook":false,"context":"[{\"title\":\"Session Id\",\"value\":\"c4d18eb6e6d75962ce9ce4b3b679c154\"}]","state":"passed","err":{}},{"title":"right slider motion","fullTitle":"right slider motion","timedOut":false,"duration":1055,"speed":"fast","pass":true,"fail":false,"pending":false,"code":"","isRoot":false,"uuid":"5f12a6bd-fd1a-48ec-ae9b-3e7de883a8c8","parentUUID":"40e631c2-aaf3-428d-8e81-0cebbc3ff875","skipped":false,"isHook":false,"context":"[{\"title\":\"Session Id\",\"value\":\"c4d18eb6e6d75962ce9ce4b3b679c154\"}]","state":"passed","err":{}},{"title":"minimum budget","fullTitle":"minimum budget","timedOut":false,"duration":56,"speed":"fast","pass":true,"fail":false,"pending":false,"code":"","isRoot":false,"uuid":"c129594c-bd92-408e-967d-4cad4bab42fc","parentUUID":"40e631c2-aaf3-428d-8e81-0cebbc3ff875","skipped":false,"isHook":false,"context":"[{\"title\":\"Session Id\",\"value\":\"c4d18eb6e6d75962ce9ce4b3b679c154\"}]","state":"passed","err":{}}],"failures":[],"skipped":[],"hasTests":true,"hasSuites":false,"totalTests":5,"totalPasses":5,"totalFailures":0,"totalPending":0,"totalSkipped":0,"hasPasses":true,"hasFailures":false,"hasPending":false,"hasSkipped":false,"duration":9009,"_timeout":0,"uuid":"40e631c2-aaf3-428d-8e81-0cebbc3ff875","hasBeforeHooks":false,"beforeHooks":[],"hasAfterHooks":false,"afterHooks":[]}],"tests":[],"pending":[],"root":true,"fullFile":"","file":"","passes":[],"failures":[],"skipped":[],"hasTests":false,"hasSuites":true,"totalTests":0,"totalPasses":0,"totalFailures":0,"totalPending":0,"totalSkipped":0,"hasPasses":false,"hasFailures":false,"hasPending":false,"hasSkipped":false,"duration":0,"_timeout":0,"uuid":"402e015d-1683-4331-b706-f18f648a8428","hasBeforeHooks":false,"beforeHooks":[],"hasAfterHooks":false,"afterHooks":[]},"allTests":[{"title":"page budget","fullTitle":"page budget","timedOut":false,"duration":453,"speed":"fast","pass":true,"fail":false,"pending":false,"code":"","isRoot":false,"uuid":"9a7ab189-377a-4632-b3d9-62c127f467fd","parentUUID":"40e631c2-aaf3-428d-8e81-0cebbc3ff875","skipped":false,"isHook":false,"context":"[{\"title\":\"Session Id\",\"value\":\"c4d18eb6e6d75962ce9ce4b3b679c154\"}]","state":"passed","err":{}},{"title":"move the left slider","fullTitle":"move the left slider","timedOut":false,"duration":617,"speed":"fast","pass":true,"fail":false,"pending":false,"code":"","isRoot":false,"uuid":"b1de23d2-53f5-42a4-9f0a-e117ac421e31","parentUUID":"40e631c2-aaf3-428d-8e81-0cebbc3ff875","skipped":false,"isHook":false,"context":"[{\"title\":\"Session Id\",\"value\":\"c4d18eb6e6d75962ce9ce4b3b679c154\"}]","state":"passed","err":{}},{"title":"minimum budget","fullTitle":"minimum budget","timedOut":false,"duration":32,"speed":"fast","pass":true,"fail":false,"pending":false,"code":"","isRoot":false,"uuid":"fea4de76-042f-42eb-b4f6-641c23108786","parentUUID":"40e631c2-aaf3-428d-8e81-0cebbc3ff875","skipped":false,"isHook":false,"context":"[{\"title\":\"Session Id\",\"value\":\"c4d18eb6e6d75962ce9ce4b3b679c154\"}]","state":"passed","err":{}},{"title":"right slider motion","fullTitle":"right slider motion","timedOut":false,"duration":1055,"speed":"fast","pass":true,"fail":false,"pending":false,"code":"","isRoot":false,"uuid":"5f12a6bd-fd1a-48ec-ae9b-3e7de883a8c8","parentUUID":"40e631c2-aaf3-428d-8e81-0cebbc3ff875","skipped":false,"isHook":false,"context":"[{\"title\":\"Session Id\",\"value\":\"c4d18eb6e6d75962ce9ce4b3b679c154\"}]","state":"passed","err":{}},{"title":"minimum budget","fullTitle":"minimum budget","timedOut":false,"duration":56,"speed":"fast","pass":true,"fail":false,"pending":false,"code":"","isRoot":false,"uuid":"c129594c-bd92-408e-967d-4cad4bab42fc","parentUUID":"40e631c2-aaf3-428d-8e81-0cebbc3ff875","skipped":false,"isHook":false,"context":"[{\"title\":\"Session Id\",\"value\":\"c4d18eb6e6d75962ce9ce4b3b679c154\"}]","state":"passed","err":{}}],"allPending":[],"allPasses":[{"title":"page budget","fullTitle":"page budget","timedOut":false,"duration":453,"speed":"fast","pass":true,"fail":false,"pending":false,"code":"","isRoot":false,"uuid":"9a7ab189-377a-4632-b3d9-62c127f467fd","parentUUID":"40e631c2-aaf3-428d-8e81-0cebbc3ff875","skipped":false,"isHook":false,"context":"[{\"title\":\"Session Id\",\"value\":\"c4d18eb6e6d75962ce9ce4b3b679c154\"}]","state":"passed","err":{}},{"title":"move the left slider","fullTitle":"move the left slider","timedOut":false,"duration":617,"speed":"fast","pass":true,"fail":false,"pending":false,"code":"","isRoot":false,"uuid":"b1de23d2-53f5-42a4-9f0a-e117ac421e31","parentUUID":"40e631c2-aaf3-428d-8e81-0cebbc3ff875","skipped":false,"isHook":false,"context":"[{\"title\":\"Session Id\",\"value\":\"c4d18eb6e6d75962ce9ce4b3b679c154\"}]","state":"passed","err":{}},{"title":"minimum budget","fullTitle":"minimum budget","timedOut":false,"duration":32,"speed":"fast","pass":true,"fail":false,"pending":false,"code":"","isRoot":false,"uuid":"fea4de76-042f-42eb-b4f6-641c23108786","parentUUID":"40e631c2-aaf3-428d-8e81-0cebbc3ff875","skipped":false,"isHook":false,"context":"[{\"title\":\"Session Id\",\"value\":\"c4d18eb6e6d75962ce9ce4b3b679c154\"}]","state":"passed","err":{}},{"title":"right slider motion","fullTitle":"right slider motion","timedOut":false,"duration":1055,"speed":"fast","pass":true,"fail":false,"pending":false,"code":"","isRoot":false,"uuid":"5f12a6bd-fd1a-48ec-ae9b-3e7de883a8c8","parentUUID":"40e631c2-aaf3-428d-8e81-0cebbc3ff875","skipped":false,"isHook":false,"context":"[{\"title\":\"Session Id\",\"value\":\"c4d18eb6e6d75962ce9ce4b3b679c154\"}]","state":"passed","err":{}},{"title":"minimum budget","fullTitle":"minimum budget","timedOut":false,"duration":56,"speed":"fast","pass":true,"fail":false,"pending":false,"code":"","isRoot":false,"uuid":"c129594c-bd92-408e-967d-4cad4bab42fc","parentUUID":"40e631c2-aaf3-428d-8e81-0cebbc3ff875","skipped":false,"isHook":false,"context":"[{\"title\":\"Session Id\",\"value\":\"c4d18eb6e6d75962ce9ce4b3b679c154\"}]","state":"passed","err":{}}],"allFailures":[],"copyrightYear":2018}