{"stats":{"suites":2,"tests":2,"passes":1,"pending":0,"failures":1,"start":"2018-08-24T13:25:04.682Z","end":"2018-08-24T13:25:54.028Z","duration":49346,"testsRegistered":2,"passPercent":50,"pendingPercent":0,"other":0,"hasOther":false,"skipped":0,"hasSkipped":false,"passPercentClass":"success","pendingPercentClass":"danger"},"suites":{"title":"","suites":[{"title":"status server (chrome)","suites":[],"tests":[{"title":"check status server","fullTitle":"check status server","timedOut":false,"duration":978,"speed":"fast","pass":true,"fail":false,"pending":false,"code":"","isRoot":false,"uuid":"30b9d5b1-7978-467d-854a-f0285c0ddd75","parentUUID":"d04ca426-33d2-4988-ad66-388e6b2720a6","skipped":false,"isHook":false,"context":"[{\"title\":\"Session Id\",\"value\":\"bebebbf3ed24946046f573bd5d2d613e\"}]","state":"passed","err":{}}],"pending":[],"root":false,"fullFile":"","file":"","passes":[{"title":"check status server","fullTitle":"check status server","timedOut":false,"duration":978,"speed":"fast","pass":true,"fail":false,"pending":false,"code":"","isRoot":false,"uuid":"30b9d5b1-7978-467d-854a-f0285c0ddd75","parentUUID":"d04ca426-33d2-4988-ad66-388e6b2720a6","skipped":false,"isHook":false,"context":"[{\"title\":\"Session Id\",\"value\":\"bebebbf3ed24946046f573bd5d2d613e\"}]","state":"passed","err":{}}],"failures":[],"skipped":[],"hasTests":true,"hasSuites":false,"totalTests":1,"totalPasses":1,"totalFailures":0,"totalPending":0,"totalSkipped":0,"hasPasses":true,"hasFailures":false,"hasPending":false,"hasSkipped":false,"duration":4270,"_timeout":0,"uuid":"d04ca426-33d2-4988-ad66-388e6b2720a6","hasBeforeHooks":false,"beforeHooks":[],"hasAfterHooks":false,"afterHooks":[]},{"title":"checking-cards (chrome)","suites":[],"tests":[{"title":"\"before all\" hook","fullTitle":"\"before all\" hook","timedOut":false,"duration":0,"speed":"fast","pass":false,"fail":true,"pending":false,"code":"","isRoot":false,"uuid":"e7f31052-13a5-4c20-b278-b33c82de0202","parentUUID":"9e939f48-62d4-4eaa-ab7e-0a07b10fae35","skipped":false,"isHook":false,"context":"[{\"title\":\"Session Id\",\"value\":\"d81b9da7310e67d44d6a58ed53f9a3d2\"}]","state":"failed","err":{"name":"WaitUntilTimeoutError","message":"Promise was rejected with the following reason: connect ECONNREFUSED 127.0.0.1:4444","estack":"Error: Promise was rejected with the following reason: connect ECONNREFUSED 127.0.0.1:4444\n    at new WaitUntilTimeoutError (C:\\autotest\\node_modules\\webdriverio\\build\\lib\\utils\\ErrorHandler.js:149:12)\n    at C:\\autotest\\node_modules\\webdriverio\\build\\lib\\commands\\waitUntil.js:36:15\n    at <anonymous>","stack":"Error: Promise was rejected with the following reason: connect ECONNREFUSED 127.0.0.1:4444\n    at new WaitUntilTimeoutError (C:\\autotest\\node_modules\\webdriverio\\build\\lib\\utils\\ErrorHandler.js:149:12)\n    at C:\\autotest\\node_modules\\webdriverio\\build\\lib\\commands\\waitUntil.js:36:15\n    at <anonymous>"}}],"pending":[],"root":false,"fullFile":"","file":"","passes":[],"failures":[{"title":"\"before all\" hook","fullTitle":"\"before all\" hook","timedOut":false,"duration":0,"speed":"fast","pass":false,"fail":true,"pending":false,"code":"","isRoot":false,"uuid":"e7f31052-13a5-4c20-b278-b33c82de0202","parentUUID":"9e939f48-62d4-4eaa-ab7e-0a07b10fae35","skipped":false,"isHook":false,"context":"[{\"title\":\"Session Id\",\"value\":\"d81b9da7310e67d44d6a58ed53f9a3d2\"}]","state":"failed","err":{"name":"WaitUntilTimeoutError","message":"Promise was rejected with the following reason: connect ECONNREFUSED 127.0.0.1:4444","estack":"Error: Promise was rejected with the following reason: connect ECONNREFUSED 127.0.0.1:4444\n    at new WaitUntilTimeoutError (C:\\autotest\\node_modules\\webdriverio\\build\\lib\\utils\\ErrorHandler.js:149:12)\n    at C:\\autotest\\node_modules\\webdriverio\\build\\lib\\commands\\waitUntil.js:36:15\n    at <anonymous>","stack":"Error: Promise was rejected with the following reason: connect ECONNREFUSED 127.0.0.1:4444\n    at new WaitUntilTimeoutError (C:\\autotest\\node_modules\\webdriverio\\build\\lib\\utils\\ErrorHandler.js:149:12)\n    at C:\\autotest\\node_modules\\webdriverio\\build\\lib\\commands\\waitUntil.js:36:15\n    at <anonymous>"}}],"skipped":[],"hasTests":true,"hasSuites":false,"totalTests":1,"totalPasses":0,"totalFailures":1,"totalPending":0,"totalSkipped":0,"hasPasses":false,"hasFailures":true,"hasPending":false,"hasSkipped":false,"duration":22832,"_timeout":0,"uuid":"9e939f48-62d4-4eaa-ab7e-0a07b10fae35","hasBeforeHooks":false,"beforeHooks":[],"hasAfterHooks":false,"afterHooks":[]}],"tests":[],"pending":[],"root":true,"fullFile":"","file":"","passes":[],"failures":[],"skipped":[],"hasTests":false,"hasSuites":true,"totalTests":0,"totalPasses":0,"totalFailures":0,"totalPending":0,"totalSkipped":0,"hasPasses":false,"hasFailures":false,"hasPending":false,"hasSkipped":false,"duration":0,"_timeout":0,"uuid":"5d5f472f-b4df-41a2-ae36-fd43be82bf56","hasBeforeHooks":false,"beforeHooks":[],"hasAfterHooks":false,"afterHooks":[]},"allTests":[{"title":"check status server","fullTitle":"check status server","timedOut":false,"duration":978,"speed":"fast","pass":true,"fail":false,"pending":false,"code":"","isRoot":false,"uuid":"30b9d5b1-7978-467d-854a-f0285c0ddd75","parentUUID":"d04ca426-33d2-4988-ad66-388e6b2720a6","skipped":false,"isHook":false,"context":"[{\"title\":\"Session Id\",\"value\":\"bebebbf3ed24946046f573bd5d2d613e\"}]","state":"passed","err":{}},{"title":"\"before all\" hook","fullTitle":"\"before all\" hook","timedOut":false,"duration":0,"speed":"fast","pass":false,"fail":true,"pending":false,"code":"","isRoot":false,"uuid":"e7f31052-13a5-4c20-b278-b33c82de0202","parentUUID":"9e939f48-62d4-4eaa-ab7e-0a07b10fae35","skipped":false,"isHook":false,"context":"[{\"title\":\"Session Id\",\"value\":\"d81b9da7310e67d44d6a58ed53f9a3d2\"}]","state":"failed","err":{"name":"WaitUntilTimeoutError","message":"Promise was rejected with the following reason: connect ECONNREFUSED 127.0.0.1:4444","estack":"Error: Promise was rejected with the following reason: connect ECONNREFUSED 127.0.0.1:4444\n    at new WaitUntilTimeoutError (C:\\autotest\\node_modules\\webdriverio\\build\\lib\\utils\\ErrorHandler.js:149:12)\n    at C:\\autotest\\node_modules\\webdriverio\\build\\lib\\commands\\waitUntil.js:36:15\n    at <anonymous>","stack":"Error: Promise was rejected with the following reason: connect ECONNREFUSED 127.0.0.1:4444\n    at new WaitUntilTimeoutError (C:\\autotest\\node_modules\\webdriverio\\build\\lib\\utils\\ErrorHandler.js:149:12)\n    at C:\\autotest\\node_modules\\webdriverio\\build\\lib\\commands\\waitUntil.js:36:15\n    at <anonymous>"}}],"allPending":[],"allPasses":[{"title":"check status server","fullTitle":"check status server","timedOut":false,"duration":978,"speed":"fast","pass":true,"fail":false,"pending":false,"code":"","isRoot":false,"uuid":"30b9d5b1-7978-467d-854a-f0285c0ddd75","parentUUID":"d04ca426-33d2-4988-ad66-388e6b2720a6","skipped":false,"isHook":false,"context":"[{\"title\":\"Session Id\",\"value\":\"bebebbf3ed24946046f573bd5d2d613e\"}]","state":"passed","err":{}}],"allFailures":[{"title":"\"before all\" hook","fullTitle":"\"before all\" hook","timedOut":false,"duration":0,"speed":"fast","pass":false,"fail":true,"pending":false,"code":"","isRoot":false,"uuid":"e7f31052-13a5-4c20-b278-b33c82de0202","parentUUID":"9e939f48-62d4-4eaa-ab7e-0a07b10fae35","skipped":false,"isHook":false,"context":"[{\"title\":\"Session Id\",\"value\":\"d81b9da7310e67d44d6a58ed53f9a3d2\"}]","state":"failed","err":{"name":"WaitUntilTimeoutError","message":"Promise was rejected with the following reason: connect ECONNREFUSED 127.0.0.1:4444","estack":"Error: Promise was rejected with the following reason: connect ECONNREFUSED 127.0.0.1:4444\n    at new WaitUntilTimeoutError (C:\\autotest\\node_modules\\webdriverio\\build\\lib\\utils\\ErrorHandler.js:149:12)\n    at C:\\autotest\\node_modules\\webdriverio\\build\\lib\\commands\\waitUntil.js:36:15\n    at <anonymous>","stack":"Error: Promise was rejected with the following reason: connect ECONNREFUSED 127.0.0.1:4444\n    at new WaitUntilTimeoutError (C:\\autotest\\node_modules\\webdriverio\\build\\lib\\utils\\ErrorHandler.js:149:12)\n    at C:\\autotest\\node_modules\\webdriverio\\build\\lib\\commands\\waitUntil.js:36:15\n    at <anonymous>"}}],"copyrightYear":2018}